Lattice Timing Report -  Setup  and Hold, Version Radiant Software (64-bit) 2024.2.0.3.0

Tue Sep  2 02:15:58 2025

Copyright (c) 1991-1994 by NeoCAD Inc. All rights reserved.
Copyright (c) 1995 AT&T Corp.   All rights reserved.
Copyright (c) 1995-2001 Lucent Technologies Inc.  All rights reserved.
Copyright (c) 2001 Agere Systems   All rights reserved.
Copyright (c) 2002-2024 Lattice Semiconductor Corporation,  All rights reserved.

Command line:    timing -sethld -v 10 -u 10 -endpoints 10 -nperend 1 -sp High-Performance_1.2V -hsp m -pwrprd -html -rpt lab1_TS_impl_1.twr lab1_TS_impl_1.udb -gui -msgset C:/Users/natasmith/Desktop/lab1_TS/promote.xml

-----------------------------------------
Design:          top
Family:          iCE40UP
Device:          iCE40UP5K
Package:         SG48
Performance:     High-Performance_1.2V
Package Status:                     Preliminary    Version 1.5
**Performance Hardware Data Status :   Advanced Version 1.0
-----------------------------------------


=====================================================================
                    Table of Contents
=====================================================================
    1  Timing Overview
        1.1  SDC Constraints
        1.2  Constraint Coverage
        1.3  Overall Summary
        1.4  Unconstrained Report
        1.5  Combinational Loop
    2  Setup at Speed Grade High-Performance_1.2V Corner at 100 Degrees
        2.1  Clock Summary
        2.2  Endpoint slacks
        2.3  Detailed Report
    3  Hold at Speed Grade m Corner at -40 Degrees
        3.1  Endpoint slacks
        3.2  Detailed Report

=====================================================================
                    End of Table of Contents
=====================================================================

==============================================
1  Timing Overview
==============================================

1.1  SDC Constraints
=====================
create_clock -name {int_osc} -period 20.8333 [get_pins {hf_osc.osc_inst/CLKHF }] 

1.2  Constraint Coverage
---------------------------
Constraint Coverage: 73.6041%


1.3  Overall Summary
---------------------------
 Setup at Speed Grade High-Performance_1.2V Corner at 100 Degrees     Timing Errors: 0 endpoints;  Total Negative Slack: 0.000 ns 
 Hold at Speed Grade m Corner at -40 Degrees                          Timing Errors: 0 endpoints;  Total Negative Slack: 0.000 ns 

1.4  Unconstrained Report
===========================

1.4.1  Unconstrained Start/End Points
--------------------------------------

Clocked but unconstrained timing start points
--------------------------------------------------
There is no start point satisfying reporting criteria


Clocked but unconstrained timing end points
--------------------------------------------------
There is no end point satisfying reporting criteria


1.4.2  Start/End Points Without Timing Constraints
---------------------------------------------------

I/O ports without constraint
----------------------------
Possible constraints to use on I/O ports are:
set_input_delay,
set_output_delay,
set_max_delay,
create_clock,
create_generated_clock,
...

-------------------------------------------------------------------
     Listing 10 Start or End Points     |           Type           
-------------------------------------------------------------------
s[0]                                    |                     input
s[1]                                    |                     input
s[2]                                    |                     input
s[3]                                    |                     input
clk                                     |                     input
seg[0]                                  |                    output
seg[1]                                  |                    output
seg[2]                                  |                    output
seg[3]                                  |                    output
seg[4]                                  |                    output
-------------------------------------------------------------------
                                        |                          
Number of I/O ports without constraint  |                        15
                                        |                          
-------------------------------------------------------------------

Nets without clock definition
Define a clock on a top level port or a generated clock on a clock divider pin associated with this net(s).
--------------------------------------------------
There is no instance satisfying reporting criteria



1.5  Combinational Loop
========================
None

===============================================================
2  Setup at Speed Grade High-Performance_1.2V Corner at 100 Degrees
===============================================================

2.1  Clock Summary
=======================

2.1.1 Clock "int_osc"
=======================
create_clock -name {int_osc} -period 20.8333 [get_pins {hf_osc.osc_inst/CLKHF }] 

Single Clock Domain
-------------------------------------------------------------------------------------------------------
             Clock int_osc              |                    |       Period       |     Frequency      
-------------------------------------------------------------------------------------------------------
 From int_osc                           |             Target |          20.833 ns |         48.000 MHz 
                                        | Actual (all paths) |          20.792 ns |         48.095 MHz 
hf_osc.osc_inst/CLKHF (MPW)             |   (50% duty cycle) |          20.792 ns |         48.095 MHz 
-------------------------------------------------------------------------------------------------------

Clock Domain Crossing

2.2  Endpoint slacks
=======================
-------------------------------------------------------
          Listing 10 End Points          |    Slack    
-------------------------------------------------------
{counter_20__i23/SR   counter_20__i24/SR}|    6.465 ns 
led[2]_i0/D                              |    7.404 ns 
{counter_20__i7/SR   counter_20__i8/SR}  |    7.576 ns 
{counter_20__i9/SR   counter_20__i10/SR} |    7.576 ns 
{counter_20__i11/SR   counter_20__i12/SR}|    7.576 ns 
{counter_20__i17/SR   counter_20__i18/SR}|    7.576 ns 
{counter_20__i19/SR   counter_20__i20/SR}|    7.576 ns 
{counter_20__i21/SR   counter_20__i22/SR}|    7.576 ns 
{counter_20__i13/SR   counter_20__i14/SR}|    7.576 ns 
{counter_20__i15/SR   counter_20__i16/SR}|    7.576 ns 
-------------------------------------------------------
                                         |             
Setup # of endpoints with negative slack:|           0 
                                         |             
-------------------------------------------------------

2.3  Detailed Report
=======================


XXXXXXXXXXXXXXXXXXXXXXXXXXXXXXXXXXXXXXXXXXXXXXXXXXXXXXXXXX

Detail report of critical paths

XXXXXXXXXXXXXXXXXXXXXXXXXXXXXXXXXXXXXXXXXXXXXXXXXXXXXXXXXX

 +++++++++++++++++++++++++++++++++++++++++++++++++++++++++++++++++++++
                    Detailed Report for timing paths 
 +++++++++++++++++++++++++++++++++++++++++++++++++++++++++++++++++++++

 ++++Path 1  ++++++++++++++++++++++++++++++++++++++++++++++++++++++++++

Path Begin       : counter_20__i21/Q  (SLICE_R11C7D)
Path End         : {counter_20__i23/SR   counter_20__i24/SR}  (SLICE_R11C8A)
Source Clock     : int_osc (R)
Destination Clock: int_osc (R)
Logic Level      : 5
Delay Ratio      : 76.8% (route), 23.2% (logic)
Clock Skew       : 0.000 ns 
Setup Constraint : 20.833 ns 
Path Slack       : 6.465 ns  (Passed)


Source Clock Path
Name                                      Cell/Site Name     Delay Name       Incr      Arrival/Required Time  Fanout  
----------------------------------------  -----------------  ---------------  --------  ---------------------  ------  
hf_osc.osc_inst/CLKHF                     HFOSC_HFOSC_R1C32  CLOCK LATENCY       0.000                  0.000  15      
int_osc                                                      NET DELAY           5.499                  5.499  15      
{counter_20__i21/CK   counter_20__i22/CK}
                                                             CLOCK PIN           0.000                  5.499  1       


Data Path
Name                                      Cell/Site Name     Delay Name       Incr      Arrival/Required Time  Fanout  
----------------------------------------  -----------------  ---------------  --------  ---------------------  ------  
counter_20__i21/CK->counter_20__i21/Q     SLICE_R11C7D       CLK_TO_Q0_DELAY     1.388                  6.887  2       
counter[21]                                                  NET DELAY           2.141                  9.028  2       
i8_4_lut/D->i8_4_lut/Z                    SLICE_R12C6A       A0_TO_F0_DELAY      0.449                  9.477  1       
n19                                                          NET DELAY           2.763                 12.240  1       
i8_4_lut_adj_1/B->i8_4_lut_adj_1/Z        SLICE_R10C6B       D0_TO_F0_DELAY      0.476                 12.716  1       
n23                                                          NET DELAY           0.304                 13.020  1       
i5_4_lut/B->i5_4_lut/Z                    SLICE_R10C6B       C1_TO_F1_DELAY      0.449                 13.469  1       
n14                                                          NET DELAY           2.168                 15.637  1       
i8_4_lut_adj_2/C->i8_4_lut_adj_2/Z        SLICE_R10C6C       D1_TO_F1_DELAY      0.449                 16.086  14      
n258                                                         NET DELAY           3.252                 19.338  14      
{counter_20__i23/SR   counter_20__i24/SR}
                                                             ENDPOINT            0.000                 19.338  1       


Destination Clock Path
Name                                      Cell/Site Name     Delay Name       Incr      Arrival/Required Time  Fanout  
----------------------------------------  -----------------  ---------------  --------  ---------------------  ------  
                                                             CONSTRAINT          0.000                 20.833  1       
hf_osc.osc_inst/CLKHF                     HFOSC_HFOSC_R1C32  CLOCK LATENCY       0.000                 20.833  15      
int_osc                                                      NET DELAY           5.499                 26.332  15      
{counter_20__i23/CK   counter_20__i24/CK}
                                                             CLOCK PIN           0.000                 26.332  1       
                                                             Uncertainty      -(0.000)                 26.332  
                                                             Setup time       -(0.529)                 25.803  
----------------------------------------  -----------------  ---------------  --------  ---------------------  ------  
Required Time                                                                                          25.803  
Arrival Time                                                                                        -(19.337)  
----------------------------------------  -----------------  ---------------  --------  ---------------------  ------  
Path Slack  (Passed)                                                                                    6.465  




++++ Path 2 ++++++++++++++++++++++++++++++++++++++++++++++++++++++++++ 

Path Begin       : counter_20__i21/Q  (SLICE_R11C7D)
Path End         : led[2]_i0/D  (SLICE_R10C5D)
Source Clock     : int_osc (R)
Destination Clock: int_osc (R)
Logic Level      : 6
Delay Ratio      : 72.1% (route), 27.9% (logic)
Clock Skew       : 0.000 ns 
Setup Constraint : 20.833 ns 
Path Slack       : 7.404 ns  (Passed)


Source Clock Path
Name                                      Cell/Site Name     Delay Name       Incr      Arrival/Required Time  Fanout  
----------------------------------------  -----------------  ---------------  --------  ---------------------  ------  
hf_osc.osc_inst/CLKHF                     HFOSC_HFOSC_R1C32  CLOCK LATENCY       0.000                  0.000  15      
int_osc                                                      NET DELAY           5.499                  5.499  15      
{counter_20__i21/CK   counter_20__i22/CK}
                                                             CLOCK PIN           0.000                  5.499  1       


Data Path
Name                                      Cell/Site Name     Delay Name       Incr      Arrival/Required Time  Fanout  
----------------------------------------  -----------------  ---------------  --------  ---------------------  ------  
counter_20__i21/CK->counter_20__i21/Q     SLICE_R11C7D       CLK_TO_Q0_DELAY     1.388                  6.887  2       
counter[21]                                                  NET DELAY           2.141                  9.028  2       
i8_4_lut/D->i8_4_lut/Z                    SLICE_R12C6A       A0_TO_F0_DELAY      0.449                  9.477  1       
n19                                                          NET DELAY           2.763                 12.240  1       
i8_4_lut_adj_1/B->i8_4_lut_adj_1/Z        SLICE_R10C6B       D0_TO_F0_DELAY      0.476                 12.716  1       
n23                                                          NET DELAY           0.304                 13.020  1       
i5_4_lut/B->i5_4_lut/Z                    SLICE_R10C6B       C1_TO_F1_DELAY      0.449                 13.469  1       
n14                                                          NET DELAY           2.168                 15.637  1       
i8_4_lut_adj_2/C->i8_4_lut_adj_2/Z        SLICE_R10C6C       D1_TO_F1_DELAY      0.449                 16.086  14      
n258                                                         NET DELAY           2.168                 18.254  14      
i1_2_lut/B->i1_2_lut/Z                    SLICE_R10C5D       D0_TO_F0_DELAY      0.476                 18.730  1       
n252                                                         NET DELAY           0.000                 18.730  1       
led[2]_i0/D                                                  ENDPOINT            0.000                 18.730  1       


Destination Clock Path
Name                                      Cell/Site Name     Delay Name       Incr      Arrival/Required Time  Fanout  
----------------------------------------  -----------------  ---------------  --------  ---------------------  ------  
                                                             CONSTRAINT          0.000                 20.833  1       
hf_osc.osc_inst/CLKHF                     HFOSC_HFOSC_R1C32  CLOCK LATENCY       0.000                 20.833  15      
int_osc                                                      NET DELAY           5.499                 26.332  15      
led[2]_i0/CK                                                 CLOCK PIN           0.000                 26.332  1       
                                                             Uncertainty      -(0.000)                 26.332  
                                                             Setup time       -(0.198)                 26.134  
----------------------------------------  -----------------  ---------------  --------  ---------------------  ------  
Required Time                                                                                          26.134  
Arrival Time                                                                                        -(18.729)  
----------------------------------------  -----------------  ---------------  --------  ---------------------  ------  
Path Slack  (Passed)                                                                                    7.404  




++++ Path 3 ++++++++++++++++++++++++++++++++++++++++++++++++++++++++++ 

Path Begin       : counter_20__i21/Q  (SLICE_R11C7D)
Path End         : {counter_20__i7/SR   counter_20__i8/SR}  (SLICE_R11C6A)
Source Clock     : int_osc (R)
Destination Clock: int_osc (R)
Logic Level      : 5
Delay Ratio      : 74.8% (route), 25.2% (logic)
Clock Skew       : 0.000 ns 
Setup Constraint : 20.833 ns 
Path Slack       : 7.576 ns  (Passed)


Source Clock Path
Name                                      Cell/Site Name     Delay Name       Incr      Arrival/Required Time  Fanout  
----------------------------------------  -----------------  ---------------  --------  ---------------------  ------  
hf_osc.osc_inst/CLKHF                     HFOSC_HFOSC_R1C32  CLOCK LATENCY       0.000                  0.000  15      
int_osc                                                      NET DELAY           5.499                  5.499  15      
{counter_20__i21/CK   counter_20__i22/CK}
                                                             CLOCK PIN           0.000                  5.499  1       


Data Path
Name                                      Cell/Site Name     Delay Name       Incr      Arrival/Required Time  Fanout  
----------------------------------------  -----------------  ---------------  --------  ---------------------  ------  
counter_20__i21/CK->counter_20__i21/Q     SLICE_R11C7D       CLK_TO_Q0_DELAY     1.388                  6.887  2       
counter[21]                                                  NET DELAY           2.141                  9.028  2       
i8_4_lut/D->i8_4_lut/Z                    SLICE_R12C6A       A0_TO_F0_DELAY      0.449                  9.477  1       
n19                                                          NET DELAY           2.763                 12.240  1       
i8_4_lut_adj_1/B->i8_4_lut_adj_1/Z        SLICE_R10C6B       D0_TO_F0_DELAY      0.476                 12.716  1       
n23                                                          NET DELAY           0.304                 13.020  1       
i5_4_lut/B->i5_4_lut/Z                    SLICE_R10C6B       C1_TO_F1_DELAY      0.449                 13.469  1       
n14                                                          NET DELAY           2.168                 15.637  1       
i8_4_lut_adj_2/C->i8_4_lut_adj_2/Z        SLICE_R10C6C       D1_TO_F1_DELAY      0.449                 16.086  14      
n258                                                         NET DELAY           2.141                 18.227  14      
{counter_20__i7/SR   counter_20__i8/SR}                      ENDPOINT            0.000                 18.227  1       


Destination Clock Path
Name                                      Cell/Site Name     Delay Name       Incr      Arrival/Required Time  Fanout  
----------------------------------------  -----------------  ---------------  --------  ---------------------  ------  
                                                             CONSTRAINT          0.000                 20.833  1       
hf_osc.osc_inst/CLKHF                     HFOSC_HFOSC_R1C32  CLOCK LATENCY       0.000                 20.833  15      
int_osc                                                      NET DELAY           5.499                 26.332  15      
{counter_20__i7/CK   counter_20__i8/CK}                      CLOCK PIN           0.000                 26.332  1       
                                                             Uncertainty      -(0.000)                 26.332  
                                                             Setup time       -(0.529)                 25.803  
----------------------------------------  -----------------  ---------------  --------  ---------------------  ------  
Required Time                                                                                          25.803  
Arrival Time                                                                                        -(18.226)  
----------------------------------------  -----------------  ---------------  --------  ---------------------  ------  
Path Slack  (Passed)                                                                                    7.576  




++++ Path 4 ++++++++++++++++++++++++++++++++++++++++++++++++++++++++++ 

Path Begin       : counter_20__i21/Q  (SLICE_R11C7D)
Path End         : {counter_20__i9/SR   counter_20__i10/SR}  (SLICE_R11C6B)
Source Clock     : int_osc (R)
Destination Clock: int_osc (R)
Logic Level      : 5
Delay Ratio      : 74.8% (route), 25.2% (logic)
Clock Skew       : 0.000 ns 
Setup Constraint : 20.833 ns 
Path Slack       : 7.576 ns  (Passed)


Source Clock Path
Name                                      Cell/Site Name     Delay Name       Incr      Arrival/Required Time  Fanout  
----------------------------------------  -----------------  ---------------  --------  ---------------------  ------  
hf_osc.osc_inst/CLKHF                     HFOSC_HFOSC_R1C32  CLOCK LATENCY       0.000                  0.000  15      
int_osc                                                      NET DELAY           5.499                  5.499  15      
{counter_20__i21/CK   counter_20__i22/CK}
                                                             CLOCK PIN           0.000                  5.499  1       


Data Path
Name                                      Cell/Site Name     Delay Name       Incr      Arrival/Required Time  Fanout  
----------------------------------------  -----------------  ---------------  --------  ---------------------  ------  
counter_20__i21/CK->counter_20__i21/Q     SLICE_R11C7D       CLK_TO_Q0_DELAY     1.388                  6.887  2       
counter[21]                                                  NET DELAY           2.141                  9.028  2       
i8_4_lut/D->i8_4_lut/Z                    SLICE_R12C6A       A0_TO_F0_DELAY      0.449                  9.477  1       
n19                                                          NET DELAY           2.763                 12.240  1       
i8_4_lut_adj_1/B->i8_4_lut_adj_1/Z        SLICE_R10C6B       D0_TO_F0_DELAY      0.476                 12.716  1       
n23                                                          NET DELAY           0.304                 13.020  1       
i5_4_lut/B->i5_4_lut/Z                    SLICE_R10C6B       C1_TO_F1_DELAY      0.449                 13.469  1       
n14                                                          NET DELAY           2.168                 15.637  1       
i8_4_lut_adj_2/C->i8_4_lut_adj_2/Z        SLICE_R10C6C       D1_TO_F1_DELAY      0.449                 16.086  14      
n258                                                         NET DELAY           2.141                 18.227  14      
{counter_20__i9/SR   counter_20__i10/SR}                     ENDPOINT            0.000                 18.227  1       


Destination Clock Path
Name                                      Cell/Site Name     Delay Name       Incr      Arrival/Required Time  Fanout  
----------------------------------------  -----------------  ---------------  --------  ---------------------  ------  
                                                             CONSTRAINT          0.000                 20.833  1       
hf_osc.osc_inst/CLKHF                     HFOSC_HFOSC_R1C32  CLOCK LATENCY       0.000                 20.833  15      
int_osc                                                      NET DELAY           5.499                 26.332  15      
{counter_20__i9/CK   counter_20__i10/CK}                     CLOCK PIN           0.000                 26.332  1       
                                                             Uncertainty      -(0.000)                 26.332  
                                                             Setup time       -(0.529)                 25.803  
----------------------------------------  -----------------  ---------------  --------  ---------------------  ------  
Required Time                                                                                          25.803  
Arrival Time                                                                                        -(18.226)  
----------------------------------------  -----------------  ---------------  --------  ---------------------  ------  
Path Slack  (Passed)                                                                                    7.576  




++++ Path 5 ++++++++++++++++++++++++++++++++++++++++++++++++++++++++++ 

Path Begin       : counter_20__i21/Q  (SLICE_R11C7D)
Path End         : {counter_20__i11/SR   counter_20__i12/SR}  (SLICE_R11C6C)
Source Clock     : int_osc (R)
Destination Clock: int_osc (R)
Logic Level      : 5
Delay Ratio      : 74.8% (route), 25.2% (logic)
Clock Skew       : 0.000 ns 
Setup Constraint : 20.833 ns 
Path Slack       : 7.576 ns  (Passed)


Source Clock Path
Name                                      Cell/Site Name     Delay Name       Incr      Arrival/Required Time  Fanout  
----------------------------------------  -----------------  ---------------  --------  ---------------------  ------  
hf_osc.osc_inst/CLKHF                     HFOSC_HFOSC_R1C32  CLOCK LATENCY       0.000                  0.000  15      
int_osc                                                      NET DELAY           5.499                  5.499  15      
{counter_20__i21/CK   counter_20__i22/CK}
                                                             CLOCK PIN           0.000                  5.499  1       


Data Path
Name                                      Cell/Site Name     Delay Name       Incr      Arrival/Required Time  Fanout  
----------------------------------------  -----------------  ---------------  --------  ---------------------  ------  
counter_20__i21/CK->counter_20__i21/Q     SLICE_R11C7D       CLK_TO_Q0_DELAY     1.388                  6.887  2       
counter[21]                                                  NET DELAY           2.141                  9.028  2       
i8_4_lut/D->i8_4_lut/Z                    SLICE_R12C6A       A0_TO_F0_DELAY      0.449                  9.477  1       
n19                                                          NET DELAY           2.763                 12.240  1       
i8_4_lut_adj_1/B->i8_4_lut_adj_1/Z        SLICE_R10C6B       D0_TO_F0_DELAY      0.476                 12.716  1       
n23                                                          NET DELAY           0.304                 13.020  1       
i5_4_lut/B->i5_4_lut/Z                    SLICE_R10C6B       C1_TO_F1_DELAY      0.449                 13.469  1       
n14                                                          NET DELAY           2.168                 15.637  1       
i8_4_lut_adj_2/C->i8_4_lut_adj_2/Z        SLICE_R10C6C       D1_TO_F1_DELAY      0.449                 16.086  14      
n258                                                         NET DELAY           2.141                 18.227  14      
{counter_20__i11/SR   counter_20__i12/SR}
                                                             ENDPOINT            0.000                 18.227  1       


Destination Clock Path
Name                                      Cell/Site Name     Delay Name       Incr      Arrival/Required Time  Fanout  
----------------------------------------  -----------------  ---------------  --------  ---------------------  ------  
                                                             CONSTRAINT          0.000                 20.833  1       
hf_osc.osc_inst/CLKHF                     HFOSC_HFOSC_R1C32  CLOCK LATENCY       0.000                 20.833  15      
int_osc                                                      NET DELAY           5.499                 26.332  15      
{counter_20__i11/CK   counter_20__i12/CK}
                                                             CLOCK PIN           0.000                 26.332  1       
                                                             Uncertainty      -(0.000)                 26.332  
                                                             Setup time       -(0.529)                 25.803  
----------------------------------------  -----------------  ---------------  --------  ---------------------  ------  
Required Time                                                                                          25.803  
Arrival Time                                                                                        -(18.226)  
----------------------------------------  -----------------  ---------------  --------  ---------------------  ------  
Path Slack  (Passed)                                                                                    7.576  




++++ Path 6 ++++++++++++++++++++++++++++++++++++++++++++++++++++++++++ 

Path Begin       : counter_20__i21/Q  (SLICE_R11C7D)
Path End         : {counter_20__i17/SR   counter_20__i18/SR}  (SLICE_R11C7B)
Source Clock     : int_osc (R)
Destination Clock: int_osc (R)
Logic Level      : 5
Delay Ratio      : 74.8% (route), 25.2% (logic)
Clock Skew       : 0.000 ns 
Setup Constraint : 20.833 ns 
Path Slack       : 7.576 ns  (Passed)


Source Clock Path
Name                                      Cell/Site Name     Delay Name       Incr      Arrival/Required Time  Fanout  
----------------------------------------  -----------------  ---------------  --------  ---------------------  ------  
hf_osc.osc_inst/CLKHF                     HFOSC_HFOSC_R1C32  CLOCK LATENCY       0.000                  0.000  15      
int_osc                                                      NET DELAY           5.499                  5.499  15      
{counter_20__i21/CK   counter_20__i22/CK}
                                                             CLOCK PIN           0.000                  5.499  1       


Data Path
Name                                      Cell/Site Name     Delay Name       Incr      Arrival/Required Time  Fanout  
----------------------------------------  -----------------  ---------------  --------  ---------------------  ------  
counter_20__i21/CK->counter_20__i21/Q     SLICE_R11C7D       CLK_TO_Q0_DELAY     1.388                  6.887  2       
counter[21]                                                  NET DELAY           2.141                  9.028  2       
i8_4_lut/D->i8_4_lut/Z                    SLICE_R12C6A       A0_TO_F0_DELAY      0.449                  9.477  1       
n19                                                          NET DELAY           2.763                 12.240  1       
i8_4_lut_adj_1/B->i8_4_lut_adj_1/Z        SLICE_R10C6B       D0_TO_F0_DELAY      0.476                 12.716  1       
n23                                                          NET DELAY           0.304                 13.020  1       
i5_4_lut/B->i5_4_lut/Z                    SLICE_R10C6B       C1_TO_F1_DELAY      0.449                 13.469  1       
n14                                                          NET DELAY           2.168                 15.637  1       
i8_4_lut_adj_2/C->i8_4_lut_adj_2/Z        SLICE_R10C6C       D1_TO_F1_DELAY      0.449                 16.086  14      
n258                                                         NET DELAY           2.141                 18.227  14      
{counter_20__i17/SR   counter_20__i18/SR}
                                                             ENDPOINT            0.000                 18.227  1       


Destination Clock Path
Name                                      Cell/Site Name     Delay Name       Incr      Arrival/Required Time  Fanout  
----------------------------------------  -----------------  ---------------  --------  ---------------------  ------  
                                                             CONSTRAINT          0.000                 20.833  1       
hf_osc.osc_inst/CLKHF                     HFOSC_HFOSC_R1C32  CLOCK LATENCY       0.000                 20.833  15      
int_osc                                                      NET DELAY           5.499                 26.332  15      
{counter_20__i17/CK   counter_20__i18/CK}
                                                             CLOCK PIN           0.000                 26.332  1       
                                                             Uncertainty      -(0.000)                 26.332  
                                                             Setup time       -(0.529)                 25.803  
----------------------------------------  -----------------  ---------------  --------  ---------------------  ------  
Required Time                                                                                          25.803  
Arrival Time                                                                                        -(18.226)  
----------------------------------------  -----------------  ---------------  --------  ---------------------  ------  
Path Slack  (Passed)                                                                                    7.576  




++++ Path 7 ++++++++++++++++++++++++++++++++++++++++++++++++++++++++++ 

Path Begin       : counter_20__i21/Q  (SLICE_R11C7D)
Path End         : {counter_20__i19/SR   counter_20__i20/SR}  (SLICE_R11C7C)
Source Clock     : int_osc (R)
Destination Clock: int_osc (R)
Logic Level      : 5
Delay Ratio      : 74.8% (route), 25.2% (logic)
Clock Skew       : 0.000 ns 
Setup Constraint : 20.833 ns 
Path Slack       : 7.576 ns  (Passed)


Source Clock Path
Name                                      Cell/Site Name     Delay Name       Incr      Arrival/Required Time  Fanout  
----------------------------------------  -----------------  ---------------  --------  ---------------------  ------  
hf_osc.osc_inst/CLKHF                     HFOSC_HFOSC_R1C32  CLOCK LATENCY       0.000                  0.000  15      
int_osc                                                      NET DELAY           5.499                  5.499  15      
{counter_20__i21/CK   counter_20__i22/CK}
                                                             CLOCK PIN           0.000                  5.499  1       


Data Path
Name                                      Cell/Site Name     Delay Name       Incr      Arrival/Required Time  Fanout  
----------------------------------------  -----------------  ---------------  --------  ---------------------  ------  
counter_20__i21/CK->counter_20__i21/Q     SLICE_R11C7D       CLK_TO_Q0_DELAY     1.388                  6.887  2       
counter[21]                                                  NET DELAY           2.141                  9.028  2       
i8_4_lut/D->i8_4_lut/Z                    SLICE_R12C6A       A0_TO_F0_DELAY      0.449                  9.477  1       
n19                                                          NET DELAY           2.763                 12.240  1       
i8_4_lut_adj_1/B->i8_4_lut_adj_1/Z        SLICE_R10C6B       D0_TO_F0_DELAY      0.476                 12.716  1       
n23                                                          NET DELAY           0.304                 13.020  1       
i5_4_lut/B->i5_4_lut/Z                    SLICE_R10C6B       C1_TO_F1_DELAY      0.449                 13.469  1       
n14                                                          NET DELAY           2.168                 15.637  1       
i8_4_lut_adj_2/C->i8_4_lut_adj_2/Z        SLICE_R10C6C       D1_TO_F1_DELAY      0.449                 16.086  14      
n258                                                         NET DELAY           2.141                 18.227  14      
{counter_20__i19/SR   counter_20__i20/SR}
                                                             ENDPOINT            0.000                 18.227  1       


Destination Clock Path
Name                                      Cell/Site Name     Delay Name       Incr      Arrival/Required Time  Fanout  
----------------------------------------  -----------------  ---------------  --------  ---------------------  ------  
                                                             CONSTRAINT          0.000                 20.833  1       
hf_osc.osc_inst/CLKHF                     HFOSC_HFOSC_R1C32  CLOCK LATENCY       0.000                 20.833  15      
int_osc                                                      NET DELAY           5.499                 26.332  15      
{counter_20__i19/CK   counter_20__i20/CK}
                                                             CLOCK PIN           0.000                 26.332  1       
                                                             Uncertainty      -(0.000)                 26.332  
                                                             Setup time       -(0.529)                 25.803  
----------------------------------------  -----------------  ---------------  --------  ---------------------  ------  
Required Time                                                                                          25.803  
Arrival Time                                                                                        -(18.226)  
----------------------------------------  -----------------  ---------------  --------  ---------------------  ------  
Path Slack  (Passed)                                                                                    7.576  




++++ Path 8 ++++++++++++++++++++++++++++++++++++++++++++++++++++++++++ 

Path Begin       : counter_20__i21/Q  (SLICE_R11C7D)
Path End         : {counter_20__i21/SR   counter_20__i22/SR}  (SLICE_R11C7D)
Source Clock     : int_osc (R)
Destination Clock: int_osc (R)
Logic Level      : 5
Delay Ratio      : 74.8% (route), 25.2% (logic)
Clock Skew       : 0.000 ns 
Setup Constraint : 20.833 ns 
Path Slack       : 7.576 ns  (Passed)


Source Clock Path
Name                                      Cell/Site Name     Delay Name       Incr      Arrival/Required Time  Fanout  
----------------------------------------  -----------------  ---------------  --------  ---------------------  ------  
hf_osc.osc_inst/CLKHF                     HFOSC_HFOSC_R1C32  CLOCK LATENCY       0.000                  0.000  15      
int_osc                                                      NET DELAY           5.499                  5.499  15      
{counter_20__i21/CK   counter_20__i22/CK}
                                                             CLOCK PIN           0.000                  5.499  1       


Data Path
Name                                      Cell/Site Name     Delay Name       Incr      Arrival/Required Time  Fanout  
----------------------------------------  -----------------  ---------------  --------  ---------------------  ------  
counter_20__i21/CK->counter_20__i21/Q     SLICE_R11C7D       CLK_TO_Q0_DELAY     1.388                  6.887  2       
counter[21]                                                  NET DELAY           2.141                  9.028  2       
i8_4_lut/D->i8_4_lut/Z                    SLICE_R12C6A       A0_TO_F0_DELAY      0.449                  9.477  1       
n19                                                          NET DELAY           2.763                 12.240  1       
i8_4_lut_adj_1/B->i8_4_lut_adj_1/Z        SLICE_R10C6B       D0_TO_F0_DELAY      0.476                 12.716  1       
n23                                                          NET DELAY           0.304                 13.020  1       
i5_4_lut/B->i5_4_lut/Z                    SLICE_R10C6B       C1_TO_F1_DELAY      0.449                 13.469  1       
n14                                                          NET DELAY           2.168                 15.637  1       
i8_4_lut_adj_2/C->i8_4_lut_adj_2/Z        SLICE_R10C6C       D1_TO_F1_DELAY      0.449                 16.086  14      
n258                                                         NET DELAY           2.141                 18.227  14      
{counter_20__i21/SR   counter_20__i22/SR}
                                                             ENDPOINT            0.000                 18.227  1       


Destination Clock Path
Name                                      Cell/Site Name     Delay Name       Incr      Arrival/Required Time  Fanout  
----------------------------------------  -----------------  ---------------  --------  ---------------------  ------  
                                                             CONSTRAINT          0.000                 20.833  1       
hf_osc.osc_inst/CLKHF                     HFOSC_HFOSC_R1C32  CLOCK LATENCY       0.000                 20.833  15      
int_osc                                                      NET DELAY           5.499                 26.332  15      
{counter_20__i21/CK   counter_20__i22/CK}
                                                             CLOCK PIN           0.000                 26.332  1       
                                                             Uncertainty      -(0.000)                 26.332  
                                                             Setup time       -(0.529)                 25.803  
----------------------------------------  -----------------  ---------------  --------  ---------------------  ------  
Required Time                                                                                          25.803  
Arrival Time                                                                                        -(18.226)  
----------------------------------------  -----------------  ---------------  --------  ---------------------  ------  
Path Slack  (Passed)                                                                                    7.576  




++++ Path 9 ++++++++++++++++++++++++++++++++++++++++++++++++++++++++++ 

Path Begin       : counter_20__i21/Q  (SLICE_R11C7D)
Path End         : {counter_20__i13/SR   counter_20__i14/SR}  (SLICE_R11C6D)
Source Clock     : int_osc (R)
Destination Clock: int_osc (R)
Logic Level      : 5
Delay Ratio      : 74.8% (route), 25.2% (logic)
Clock Skew       : 0.000 ns 
Setup Constraint : 20.833 ns 
Path Slack       : 7.576 ns  (Passed)


Source Clock Path
Name                                      Cell/Site Name     Delay Name       Incr      Arrival/Required Time  Fanout  
----------------------------------------  -----------------  ---------------  --------  ---------------------  ------  
hf_osc.osc_inst/CLKHF                     HFOSC_HFOSC_R1C32  CLOCK LATENCY       0.000                  0.000  15      
int_osc                                                      NET DELAY           5.499                  5.499  15      
{counter_20__i21/CK   counter_20__i22/CK}
                                                             CLOCK PIN           0.000                  5.499  1       


Data Path
Name                                      Cell/Site Name     Delay Name       Incr      Arrival/Required Time  Fanout  
----------------------------------------  -----------------  ---------------  --------  ---------------------  ------  
counter_20__i21/CK->counter_20__i21/Q     SLICE_R11C7D       CLK_TO_Q0_DELAY     1.388                  6.887  2       
counter[21]                                                  NET DELAY           2.141                  9.028  2       
i8_4_lut/D->i8_4_lut/Z                    SLICE_R12C6A       A0_TO_F0_DELAY      0.449                  9.477  1       
n19                                                          NET DELAY           2.763                 12.240  1       
i8_4_lut_adj_1/B->i8_4_lut_adj_1/Z        SLICE_R10C6B       D0_TO_F0_DELAY      0.476                 12.716  1       
n23                                                          NET DELAY           0.304                 13.020  1       
i5_4_lut/B->i5_4_lut/Z                    SLICE_R10C6B       C1_TO_F1_DELAY      0.449                 13.469  1       
n14                                                          NET DELAY           2.168                 15.637  1       
i8_4_lut_adj_2/C->i8_4_lut_adj_2/Z        SLICE_R10C6C       D1_TO_F1_DELAY      0.449                 16.086  14      
n258                                                         NET DELAY           2.141                 18.227  14      
{counter_20__i13/SR   counter_20__i14/SR}
                                                             ENDPOINT            0.000                 18.227  1       


Destination Clock Path
Name                                      Cell/Site Name     Delay Name       Incr      Arrival/Required Time  Fanout  
----------------------------------------  -----------------  ---------------  --------  ---------------------  ------  
                                                             CONSTRAINT          0.000                 20.833  1       
hf_osc.osc_inst/CLKHF                     HFOSC_HFOSC_R1C32  CLOCK LATENCY       0.000                 20.833  15      
int_osc                                                      NET DELAY           5.499                 26.332  15      
{counter_20__i13/CK   counter_20__i14/CK}
                                                             CLOCK PIN           0.000                 26.332  1       
                                                             Uncertainty      -(0.000)                 26.332  
                                                             Setup time       -(0.529)                 25.803  
----------------------------------------  -----------------  ---------------  --------  ---------------------  ------  
Required Time                                                                                          25.803  
Arrival Time                                                                                        -(18.226)  
----------------------------------------  -----------------  ---------------  --------  ---------------------  ------  
Path Slack  (Passed)                                                                                    7.576  




++++ Path 10 ++++++++++++++++++++++++++++++++++++++++++++++++++++++++++ 

Path Begin       : counter_20__i21/Q  (SLICE_R11C7D)
Path End         : {counter_20__i15/SR   counter_20__i16/SR}  (SLICE_R11C7A)
Source Clock     : int_osc (R)
Destination Clock: int_osc (R)
Logic Level      : 5
Delay Ratio      : 74.8% (route), 25.2% (logic)
Clock Skew       : 0.000 ns 
Setup Constraint : 20.833 ns 
Path Slack       : 7.576 ns  (Passed)


Source Clock Path
Name                                      Cell/Site Name     Delay Name       Incr      Arrival/Required Time  Fanout  
----------------------------------------  -----------------  ---------------  --------  ---------------------  ------  
hf_osc.osc_inst/CLKHF                     HFOSC_HFOSC_R1C32  CLOCK LATENCY       0.000                  0.000  15      
int_osc                                                      NET DELAY           5.499                  5.499  15      
{counter_20__i21/CK   counter_20__i22/CK}
                                                             CLOCK PIN           0.000                  5.499  1       


Data Path
Name                                      Cell/Site Name     Delay Name       Incr      Arrival/Required Time  Fanout  
----------------------------------------  -----------------  ---------------  --------  ---------------------  ------  
counter_20__i21/CK->counter_20__i21/Q     SLICE_R11C7D       CLK_TO_Q0_DELAY     1.388                  6.887  2       
counter[21]                                                  NET DELAY           2.141                  9.028  2       
i8_4_lut/D->i8_4_lut/Z                    SLICE_R12C6A       A0_TO_F0_DELAY      0.449                  9.477  1       
n19                                                          NET DELAY           2.763                 12.240  1       
i8_4_lut_adj_1/B->i8_4_lut_adj_1/Z        SLICE_R10C6B       D0_TO_F0_DELAY      0.476                 12.716  1       
n23                                                          NET DELAY           0.304                 13.020  1       
i5_4_lut/B->i5_4_lut/Z                    SLICE_R10C6B       C1_TO_F1_DELAY      0.449                 13.469  1       
n14                                                          NET DELAY           2.168                 15.637  1       
i8_4_lut_adj_2/C->i8_4_lut_adj_2/Z        SLICE_R10C6C       D1_TO_F1_DELAY      0.449                 16.086  14      
n258                                                         NET DELAY           2.141                 18.227  14      
{counter_20__i15/SR   counter_20__i16/SR}
                                                             ENDPOINT            0.000                 18.227  1       


Destination Clock Path
Name                                      Cell/Site Name     Delay Name       Incr      Arrival/Required Time  Fanout  
----------------------------------------  -----------------  ---------------  --------  ---------------------  ------  
                                                             CONSTRAINT          0.000                 20.833  1       
hf_osc.osc_inst/CLKHF                     HFOSC_HFOSC_R1C32  CLOCK LATENCY       0.000                 20.833  15      
int_osc                                                      NET DELAY           5.499                 26.332  15      
{counter_20__i15/CK   counter_20__i16/CK}
                                                             CLOCK PIN           0.000                 26.332  1       
                                                             Uncertainty      -(0.000)                 26.332  
                                                             Setup time       -(0.529)                 25.803  
----------------------------------------  -----------------  ---------------  --------  ---------------------  ------  
Required Time                                                                                          25.803  
Arrival Time                                                                                        -(18.226)  
----------------------------------------  -----------------  ---------------  --------  ---------------------  ------  
Path Slack  (Passed)                                                                                    7.576  



+++++++++++++++++++++++++++++++++++++++++++++++++++++++++++++++++++++ 
                    End of Detailed Report for timing paths 
+++++++++++++++++++++++++++++++++++++++++++++++++++++++++++++++++++++ 


##########################################################



===============================================================
3  Hold at Speed Grade m Corner at -40 Degrees
===============================================================

3.1  Endpoint slacks
=======================
-------------------------------------------------------
          Listing 10 End Points          |    Slack    
-------------------------------------------------------
counter_20__i19/D                        |    1.913 ns 
counter_20__i20/D                        |    1.913 ns 
counter_20__i21/D                        |    1.913 ns 
counter_20__i22/D                        |    1.913 ns 
counter_20__i23/D                        |    1.913 ns 
counter_20__i24/D                        |    1.913 ns 
counter_20__i13/D                        |    1.913 ns 
counter_20__i14/D                        |    1.913 ns 
counter_20__i15/D                        |    1.913 ns 
counter_20__i16/D                        |    1.913 ns 
-------------------------------------------------------
                                         |             
Hold # of endpoints with negative slack: |           0 
                                         |             
-------------------------------------------------------

3.2  Detailed Report
=======================


XXXXXXXXXXXXXXXXXXXXXXXXXXXXXXXXXXXXXXXXXXXXXXXXXXXXXXXXXX

Detail report of critical paths

XXXXXXXXXXXXXXXXXXXXXXXXXXXXXXXXXXXXXXXXXXXXXXXXXXXXXXXXXX

 +++++++++++++++++++++++++++++++++++++++++++++++++++++++++++++++++++++
                    Detailed Report for timing paths 
 +++++++++++++++++++++++++++++++++++++++++++++++++++++++++++++++++++++

 ++++Path 1  ++++++++++++++++++++++++++++++++++++++++++++++++++++++++++

Path Begin       : counter_20__i19/Q  (SLICE_R11C7C)
Path End         : counter_20__i19/D  (SLICE_R11C7C)
Source Clock     : int_osc (R)
Destination Clock: int_osc (R)
Logic Level      : 2
Delay Ratio      : 46.1% (route), 53.9% (logic)
Clock Skew       : 0.000 ns 
Hold Constraint  : 0.000 ns 
Path Slack       : 1.913 ns  (Passed)


Source Clock Path
Name                                      Cell/Site Name     Delay Name       Incr   Arrival/Required Time  Fanout  
----------------------------------------  -----------------  ---------------  -----  ---------------------  ------  
hf_osc.osc_inst/CLKHF                     HFOSC_HFOSC_R1C32  CLOCK LATENCY    0.000                  0.000  16      
int_osc                                                      NET DELAY        3.084                  3.084  16      
{counter_20__i19/CK   counter_20__i20/CK}
                                                             CLOCK PIN        0.000                  3.084  1       


Data Path
Name                                      Cell/Site Name     Delay Name       Incr   Arrival/Required Time  Fanout  
----------------------------------------  -----------------  ---------------  -----  ---------------------  ------  
counter_20__i19/CK->counter_20__i19/Q     SLICE_R11C7C       CLK_TO_Q0_DELAY  0.779                  3.863  2       
counter[19]                                                  NET DELAY        0.882                  4.745  2       
counter_20_add_4_21/C0->counter_20_add_4_21/S0
                                          SLICE_R11C7C       C0_TO_F0_DELAY   0.252                  4.997  1       
n105[19]                                                     NET DELAY        0.000                  4.997  1       
counter_20__i19/D                                            ENDPOINT         0.000                  4.997  1       


Destination Clock Path
Name                                      Cell/Site Name     Delay Name       Incr   Arrival/Required Time  Fanout  
----------------------------------------  -----------------  ---------------  -----  ---------------------  ------  
                                                             CONSTRAINT       0.000                  0.000  1       
hf_osc.osc_inst/CLKHF                     HFOSC_HFOSC_R1C32  CLOCK LATENCY    0.000                  0.000  16      
int_osc                                                      NET DELAY        3.084                  3.084  16      
{counter_20__i19/CK   counter_20__i20/CK}
                                                             CLOCK PIN        0.000                  3.084  1       
                                                             Uncertainty      0.000                  3.084  
                                                             Hold time        0.000                  3.084  
----------------------------------------  -----------------  ---------------  -----  ---------------------  ------  
Required Time                                                                                       -3.084  
Arrival Time                                                                                         4.997  
----------------------------------------  -----------------  ---------------  -----  ---------------------  ------  
Path Slack  (Passed)                                                                                 1.913  




++++ Path 2 ++++++++++++++++++++++++++++++++++++++++++++++++++++++++++ 

Path Begin       : counter_20__i20/Q  (SLICE_R11C7C)
Path End         : counter_20__i20/D  (SLICE_R11C7C)
Source Clock     : int_osc (R)
Destination Clock: int_osc (R)
Logic Level      : 2
Delay Ratio      : 46.1% (route), 53.9% (logic)
Clock Skew       : 0.000 ns 
Hold Constraint  : 0.000 ns 
Path Slack       : 1.913 ns  (Passed)


Source Clock Path
Name                                      Cell/Site Name     Delay Name       Incr   Arrival/Required Time  Fanout  
----------------------------------------  -----------------  ---------------  -----  ---------------------  ------  
hf_osc.osc_inst/CLKHF                     HFOSC_HFOSC_R1C32  CLOCK LATENCY    0.000                  0.000  16      
int_osc                                                      NET DELAY        3.084                  3.084  16      
{counter_20__i19/CK   counter_20__i20/CK}
                                                             CLOCK PIN        0.000                  3.084  1       


Data Path
Name                                      Cell/Site Name     Delay Name       Incr   Arrival/Required Time  Fanout  
----------------------------------------  -----------------  ---------------  -----  ---------------------  ------  
counter_20__i20/CK->counter_20__i20/Q     SLICE_R11C7C       CLK_TO_Q1_DELAY  0.779                  3.863  2       
counter[20]                                                  NET DELAY        0.882                  4.745  2       
counter_20_add_4_21/C1->counter_20_add_4_21/S1
                                          SLICE_R11C7C       C1_TO_F1_DELAY   0.252                  4.997  1       
n105[20]                                                     NET DELAY        0.000                  4.997  1       
counter_20__i20/D                                            ENDPOINT         0.000                  4.997  1       


Destination Clock Path
Name                                      Cell/Site Name     Delay Name       Incr   Arrival/Required Time  Fanout  
----------------------------------------  -----------------  ---------------  -----  ---------------------  ------  
                                                             CONSTRAINT       0.000                  0.000  1       
hf_osc.osc_inst/CLKHF                     HFOSC_HFOSC_R1C32  CLOCK LATENCY    0.000                  0.000  16      
int_osc                                                      NET DELAY        3.084                  3.084  16      
{counter_20__i19/CK   counter_20__i20/CK}
                                                             CLOCK PIN        0.000                  3.084  1       
                                                             Uncertainty      0.000                  3.084  
                                                             Hold time        0.000                  3.084  
----------------------------------------  -----------------  ---------------  -----  ---------------------  ------  
Required Time                                                                                       -3.084  
Arrival Time                                                                                         4.997  
----------------------------------------  -----------------  ---------------  -----  ---------------------  ------  
Path Slack  (Passed)                                                                                 1.913  




++++ Path 3 ++++++++++++++++++++++++++++++++++++++++++++++++++++++++++ 

Path Begin       : counter_20__i21/Q  (SLICE_R11C7D)
Path End         : counter_20__i21/D  (SLICE_R11C7D)
Source Clock     : int_osc (R)
Destination Clock: int_osc (R)
Logic Level      : 2
Delay Ratio      : 46.1% (route), 53.9% (logic)
Clock Skew       : 0.000 ns 
Hold Constraint  : 0.000 ns 
Path Slack       : 1.913 ns  (Passed)


Source Clock Path
Name                                      Cell/Site Name     Delay Name       Incr   Arrival/Required Time  Fanout  
----------------------------------------  -----------------  ---------------  -----  ---------------------  ------  
hf_osc.osc_inst/CLKHF                     HFOSC_HFOSC_R1C32  CLOCK LATENCY    0.000                  0.000  16      
int_osc                                                      NET DELAY        3.084                  3.084  16      
{counter_20__i21/CK   counter_20__i22/CK}
                                                             CLOCK PIN        0.000                  3.084  1       


Data Path
Name                                      Cell/Site Name     Delay Name       Incr   Arrival/Required Time  Fanout  
----------------------------------------  -----------------  ---------------  -----  ---------------------  ------  
counter_20__i21/CK->counter_20__i21/Q     SLICE_R11C7D       CLK_TO_Q0_DELAY  0.779                  3.863  2       
counter[21]                                                  NET DELAY        0.882                  4.745  2       
counter_20_add_4_23/C0->counter_20_add_4_23/S0
                                          SLICE_R11C7D       C0_TO_F0_DELAY   0.252                  4.997  1       
n105[21]                                                     NET DELAY        0.000                  4.997  1       
counter_20__i21/D                                            ENDPOINT         0.000                  4.997  1       


Destination Clock Path
Name                                      Cell/Site Name     Delay Name       Incr   Arrival/Required Time  Fanout  
----------------------------------------  -----------------  ---------------  -----  ---------------------  ------  
                                                             CONSTRAINT       0.000                  0.000  1       
hf_osc.osc_inst/CLKHF                     HFOSC_HFOSC_R1C32  CLOCK LATENCY    0.000                  0.000  16      
int_osc                                                      NET DELAY        3.084                  3.084  16      
{counter_20__i21/CK   counter_20__i22/CK}
                                                             CLOCK PIN        0.000                  3.084  1       
                                                             Uncertainty      0.000                  3.084  
                                                             Hold time        0.000                  3.084  
----------------------------------------  -----------------  ---------------  -----  ---------------------  ------  
Required Time                                                                                       -3.084  
Arrival Time                                                                                         4.997  
----------------------------------------  -----------------  ---------------  -----  ---------------------  ------  
Path Slack  (Passed)                                                                                 1.913  




++++ Path 4 ++++++++++++++++++++++++++++++++++++++++++++++++++++++++++ 

Path Begin       : counter_20__i22/Q  (SLICE_R11C7D)
Path End         : counter_20__i22/D  (SLICE_R11C7D)
Source Clock     : int_osc (R)
Destination Clock: int_osc (R)
Logic Level      : 2
Delay Ratio      : 46.1% (route), 53.9% (logic)
Clock Skew       : 0.000 ns 
Hold Constraint  : 0.000 ns 
Path Slack       : 1.913 ns  (Passed)


Source Clock Path
Name                                      Cell/Site Name     Delay Name       Incr   Arrival/Required Time  Fanout  
----------------------------------------  -----------------  ---------------  -----  ---------------------  ------  
hf_osc.osc_inst/CLKHF                     HFOSC_HFOSC_R1C32  CLOCK LATENCY    0.000                  0.000  16      
int_osc                                                      NET DELAY        3.084                  3.084  16      
{counter_20__i21/CK   counter_20__i22/CK}
                                                             CLOCK PIN        0.000                  3.084  1       


Data Path
Name                                      Cell/Site Name     Delay Name       Incr   Arrival/Required Time  Fanout  
----------------------------------------  -----------------  ---------------  -----  ---------------------  ------  
counter_20__i22/CK->counter_20__i22/Q     SLICE_R11C7D       CLK_TO_Q1_DELAY  0.779                  3.863  2       
counter[22]                                                  NET DELAY        0.882                  4.745  2       
counter_20_add_4_23/C1->counter_20_add_4_23/S1
                                          SLICE_R11C7D       C1_TO_F1_DELAY   0.252                  4.997  1       
n105[22]                                                     NET DELAY        0.000                  4.997  1       
counter_20__i22/D                                            ENDPOINT         0.000                  4.997  1       


Destination Clock Path
Name                                      Cell/Site Name     Delay Name       Incr   Arrival/Required Time  Fanout  
----------------------------------------  -----------------  ---------------  -----  ---------------------  ------  
                                                             CONSTRAINT       0.000                  0.000  1       
hf_osc.osc_inst/CLKHF                     HFOSC_HFOSC_R1C32  CLOCK LATENCY    0.000                  0.000  16      
int_osc                                                      NET DELAY        3.084                  3.084  16      
{counter_20__i21/CK   counter_20__i22/CK}
                                                             CLOCK PIN        0.000                  3.084  1       
                                                             Uncertainty      0.000                  3.084  
                                                             Hold time        0.000                  3.084  
----------------------------------------  -----------------  ---------------  -----  ---------------------  ------  
Required Time                                                                                       -3.084  
Arrival Time                                                                                         4.997  
----------------------------------------  -----------------  ---------------  -----  ---------------------  ------  
Path Slack  (Passed)                                                                                 1.913  




++++ Path 5 ++++++++++++++++++++++++++++++++++++++++++++++++++++++++++ 

Path Begin       : counter_20__i23/Q  (SLICE_R11C8A)
Path End         : counter_20__i23/D  (SLICE_R11C8A)
Source Clock     : int_osc (R)
Destination Clock: int_osc (R)
Logic Level      : 2
Delay Ratio      : 46.1% (route), 53.9% (logic)
Clock Skew       : 0.000 ns 
Hold Constraint  : 0.000 ns 
Path Slack       : 1.913 ns  (Passed)


Source Clock Path
Name                                      Cell/Site Name     Delay Name       Incr   Arrival/Required Time  Fanout  
----------------------------------------  -----------------  ---------------  -----  ---------------------  ------  
hf_osc.osc_inst/CLKHF                     HFOSC_HFOSC_R1C32  CLOCK LATENCY    0.000                  0.000  16      
int_osc                                                      NET DELAY        3.084                  3.084  16      
{counter_20__i23/CK   counter_20__i24/CK}
                                                             CLOCK PIN        0.000                  3.084  1       


Data Path
Name                                      Cell/Site Name     Delay Name       Incr   Arrival/Required Time  Fanout  
----------------------------------------  -----------------  ---------------  -----  ---------------------  ------  
counter_20__i23/CK->counter_20__i23/Q     SLICE_R11C8A       CLK_TO_Q0_DELAY  0.779                  3.863  2       
counter[23]                                                  NET DELAY        0.882                  4.745  2       
counter_20_add_4_25/C0->counter_20_add_4_25/S0
                                          SLICE_R11C8A       C0_TO_F0_DELAY   0.252                  4.997  1       
n105[23]                                                     NET DELAY        0.000                  4.997  1       
counter_20__i23/D                                            ENDPOINT         0.000                  4.997  1       


Destination Clock Path
Name                                      Cell/Site Name     Delay Name       Incr   Arrival/Required Time  Fanout  
----------------------------------------  -----------------  ---------------  -----  ---------------------  ------  
                                                             CONSTRAINT       0.000                  0.000  1       
hf_osc.osc_inst/CLKHF                     HFOSC_HFOSC_R1C32  CLOCK LATENCY    0.000                  0.000  16      
int_osc                                                      NET DELAY        3.084                  3.084  16      
{counter_20__i23/CK   counter_20__i24/CK}
                                                             CLOCK PIN        0.000                  3.084  1       
                                                             Uncertainty      0.000                  3.084  
                                                             Hold time        0.000                  3.084  
----------------------------------------  -----------------  ---------------  -----  ---------------------  ------  
Required Time                                                                                       -3.084  
Arrival Time                                                                                         4.997  
----------------------------------------  -----------------  ---------------  -----  ---------------------  ------  
Path Slack  (Passed)                                                                                 1.913  




++++ Path 6 ++++++++++++++++++++++++++++++++++++++++++++++++++++++++++ 

Path Begin       : counter_20__i24/Q  (SLICE_R11C8A)
Path End         : counter_20__i24/D  (SLICE_R11C8A)
Source Clock     : int_osc (R)
Destination Clock: int_osc (R)
Logic Level      : 2
Delay Ratio      : 46.1% (route), 53.9% (logic)
Clock Skew       : 0.000 ns 
Hold Constraint  : 0.000 ns 
Path Slack       : 1.913 ns  (Passed)


Source Clock Path
Name                                      Cell/Site Name     Delay Name       Incr   Arrival/Required Time  Fanout  
----------------------------------------  -----------------  ---------------  -----  ---------------------  ------  
hf_osc.osc_inst/CLKHF                     HFOSC_HFOSC_R1C32  CLOCK LATENCY    0.000                  0.000  16      
int_osc                                                      NET DELAY        3.084                  3.084  16      
{counter_20__i23/CK   counter_20__i24/CK}
                                                             CLOCK PIN        0.000                  3.084  1       


Data Path
Name                                      Cell/Site Name     Delay Name       Incr   Arrival/Required Time  Fanout  
----------------------------------------  -----------------  ---------------  -----  ---------------------  ------  
counter_20__i24/CK->counter_20__i24/Q     SLICE_R11C8A       CLK_TO_Q1_DELAY  0.779                  3.863  2       
counter[24]                                                  NET DELAY        0.882                  4.745  2       
counter_20_add_4_25/C1->counter_20_add_4_25/S1
                                          SLICE_R11C8A       C1_TO_F1_DELAY   0.252                  4.997  1       
n105[24]                                                     NET DELAY        0.000                  4.997  1       
counter_20__i24/D                                            ENDPOINT         0.000                  4.997  1       


Destination Clock Path
Name                                      Cell/Site Name     Delay Name       Incr   Arrival/Required Time  Fanout  
----------------------------------------  -----------------  ---------------  -----  ---------------------  ------  
                                                             CONSTRAINT       0.000                  0.000  1       
hf_osc.osc_inst/CLKHF                     HFOSC_HFOSC_R1C32  CLOCK LATENCY    0.000                  0.000  16      
int_osc                                                      NET DELAY        3.084                  3.084  16      
{counter_20__i23/CK   counter_20__i24/CK}
                                                             CLOCK PIN        0.000                  3.084  1       
                                                             Uncertainty      0.000                  3.084  
                                                             Hold time        0.000                  3.084  
----------------------------------------  -----------------  ---------------  -----  ---------------------  ------  
Required Time                                                                                       -3.084  
Arrival Time                                                                                         4.997  
----------------------------------------  -----------------  ---------------  -----  ---------------------  ------  
Path Slack  (Passed)                                                                                 1.913  




++++ Path 7 ++++++++++++++++++++++++++++++++++++++++++++++++++++++++++ 

Path Begin       : counter_20__i13/Q  (SLICE_R11C6D)
Path End         : counter_20__i13/D  (SLICE_R11C6D)
Source Clock     : int_osc (R)
Destination Clock: int_osc (R)
Logic Level      : 2
Delay Ratio      : 46.1% (route), 53.9% (logic)
Clock Skew       : 0.000 ns 
Hold Constraint  : 0.000 ns 
Path Slack       : 1.913 ns  (Passed)


Source Clock Path
Name                                      Cell/Site Name     Delay Name       Incr   Arrival/Required Time  Fanout  
----------------------------------------  -----------------  ---------------  -----  ---------------------  ------  
hf_osc.osc_inst/CLKHF                     HFOSC_HFOSC_R1C32  CLOCK LATENCY    0.000                  0.000  16      
int_osc                                                      NET DELAY        3.084                  3.084  16      
{counter_20__i13/CK   counter_20__i14/CK}
                                                             CLOCK PIN        0.000                  3.084  1       


Data Path
Name                                      Cell/Site Name     Delay Name       Incr   Arrival/Required Time  Fanout  
----------------------------------------  -----------------  ---------------  -----  ---------------------  ------  
counter_20__i13/CK->counter_20__i13/Q     SLICE_R11C6D       CLK_TO_Q0_DELAY  0.779                  3.863  2       
counter[13]                                                  NET DELAY        0.882                  4.745  2       
counter_20_add_4_15/C0->counter_20_add_4_15/S0
                                          SLICE_R11C6D       C0_TO_F0_DELAY   0.252                  4.997  1       
n105[13]                                                     NET DELAY        0.000                  4.997  1       
counter_20__i13/D                                            ENDPOINT         0.000                  4.997  1       


Destination Clock Path
Name                                      Cell/Site Name     Delay Name       Incr   Arrival/Required Time  Fanout  
----------------------------------------  -----------------  ---------------  -----  ---------------------  ------  
                                                             CONSTRAINT       0.000                  0.000  1       
hf_osc.osc_inst/CLKHF                     HFOSC_HFOSC_R1C32  CLOCK LATENCY    0.000                  0.000  16      
int_osc                                                      NET DELAY        3.084                  3.084  16      
{counter_20__i13/CK   counter_20__i14/CK}
                                                             CLOCK PIN        0.000                  3.084  1       
                                                             Uncertainty      0.000                  3.084  
                                                             Hold time        0.000                  3.084  
----------------------------------------  -----------------  ---------------  -----  ---------------------  ------  
Required Time                                                                                       -3.084  
Arrival Time                                                                                         4.997  
----------------------------------------  -----------------  ---------------  -----  ---------------------  ------  
Path Slack  (Passed)                                                                                 1.913  




++++ Path 8 ++++++++++++++++++++++++++++++++++++++++++++++++++++++++++ 

Path Begin       : counter_20__i14/Q  (SLICE_R11C6D)
Path End         : counter_20__i14/D  (SLICE_R11C6D)
Source Clock     : int_osc (R)
Destination Clock: int_osc (R)
Logic Level      : 2
Delay Ratio      : 46.1% (route), 53.9% (logic)
Clock Skew       : 0.000 ns 
Hold Constraint  : 0.000 ns 
Path Slack       : 1.913 ns  (Passed)


Source Clock Path
Name                                      Cell/Site Name     Delay Name       Incr   Arrival/Required Time  Fanout  
----------------------------------------  -----------------  ---------------  -----  ---------------------  ------  
hf_osc.osc_inst/CLKHF                     HFOSC_HFOSC_R1C32  CLOCK LATENCY    0.000                  0.000  16      
int_osc                                                      NET DELAY        3.084                  3.084  16      
{counter_20__i13/CK   counter_20__i14/CK}
                                                             CLOCK PIN        0.000                  3.084  1       


Data Path
Name                                      Cell/Site Name     Delay Name       Incr   Arrival/Required Time  Fanout  
----------------------------------------  -----------------  ---------------  -----  ---------------------  ------  
counter_20__i14/CK->counter_20__i14/Q     SLICE_R11C6D       CLK_TO_Q1_DELAY  0.779                  3.863  2       
counter[14]                                                  NET DELAY        0.882                  4.745  2       
counter_20_add_4_15/C1->counter_20_add_4_15/S1
                                          SLICE_R11C6D       C1_TO_F1_DELAY   0.252                  4.997  1       
n105[14]                                                     NET DELAY        0.000                  4.997  1       
counter_20__i14/D                                            ENDPOINT         0.000                  4.997  1       


Destination Clock Path
Name                                      Cell/Site Name     Delay Name       Incr   Arrival/Required Time  Fanout  
----------------------------------------  -----------------  ---------------  -----  ---------------------  ------  
                                                             CONSTRAINT       0.000                  0.000  1       
hf_osc.osc_inst/CLKHF                     HFOSC_HFOSC_R1C32  CLOCK LATENCY    0.000                  0.000  16      
int_osc                                                      NET DELAY        3.084                  3.084  16      
{counter_20__i13/CK   counter_20__i14/CK}
                                                             CLOCK PIN        0.000                  3.084  1       
                                                             Uncertainty      0.000                  3.084  
                                                             Hold time        0.000                  3.084  
----------------------------------------  -----------------  ---------------  -----  ---------------------  ------  
Required Time                                                                                       -3.084  
Arrival Time                                                                                         4.997  
----------------------------------------  -----------------  ---------------  -----  ---------------------  ------  
Path Slack  (Passed)                                                                                 1.913  




++++ Path 9 ++++++++++++++++++++++++++++++++++++++++++++++++++++++++++ 

Path Begin       : counter_20__i15/Q  (SLICE_R11C7A)
Path End         : counter_20__i15/D  (SLICE_R11C7A)
Source Clock     : int_osc (R)
Destination Clock: int_osc (R)
Logic Level      : 2
Delay Ratio      : 46.1% (route), 53.9% (logic)
Clock Skew       : 0.000 ns 
Hold Constraint  : 0.000 ns 
Path Slack       : 1.913 ns  (Passed)


Source Clock Path
Name                                      Cell/Site Name     Delay Name       Incr   Arrival/Required Time  Fanout  
----------------------------------------  -----------------  ---------------  -----  ---------------------  ------  
hf_osc.osc_inst/CLKHF                     HFOSC_HFOSC_R1C32  CLOCK LATENCY    0.000                  0.000  16      
int_osc                                                      NET DELAY        3.084                  3.084  16      
{counter_20__i15/CK   counter_20__i16/CK}
                                                             CLOCK PIN        0.000                  3.084  1       


Data Path
Name                                      Cell/Site Name     Delay Name       Incr   Arrival/Required Time  Fanout  
----------------------------------------  -----------------  ---------------  -----  ---------------------  ------  
counter_20__i15/CK->counter_20__i15/Q     SLICE_R11C7A       CLK_TO_Q0_DELAY  0.779                  3.863  2       
counter[15]                                                  NET DELAY        0.882                  4.745  2       
counter_20_add_4_17/C0->counter_20_add_4_17/S0
                                          SLICE_R11C7A       C0_TO_F0_DELAY   0.252                  4.997  1       
n105[15]                                                     NET DELAY        0.000                  4.997  1       
counter_20__i15/D                                            ENDPOINT         0.000                  4.997  1       


Destination Clock Path
Name                                      Cell/Site Name     Delay Name       Incr   Arrival/Required Time  Fanout  
----------------------------------------  -----------------  ---------------  -----  ---------------------  ------  
                                                             CONSTRAINT       0.000                  0.000  1       
hf_osc.osc_inst/CLKHF                     HFOSC_HFOSC_R1C32  CLOCK LATENCY    0.000                  0.000  16      
int_osc                                                      NET DELAY        3.084                  3.084  16      
{counter_20__i15/CK   counter_20__i16/CK}
                                                             CLOCK PIN        0.000                  3.084  1       
                                                             Uncertainty      0.000                  3.084  
                                                             Hold time        0.000                  3.084  
----------------------------------------  -----------------  ---------------  -----  ---------------------  ------  
Required Time                                                                                       -3.084  
Arrival Time                                                                                         4.997  
----------------------------------------  -----------------  ---------------  -----  ---------------------  ------  
Path Slack  (Passed)                                                                                 1.913  




++++ Path 10 ++++++++++++++++++++++++++++++++++++++++++++++++++++++++++ 

Path Begin       : counter_20__i16/Q  (SLICE_R11C7A)
Path End         : counter_20__i16/D  (SLICE_R11C7A)
Source Clock     : int_osc (R)
Destination Clock: int_osc (R)
Logic Level      : 2
Delay Ratio      : 46.1% (route), 53.9% (logic)
Clock Skew       : 0.000 ns 
Hold Constraint  : 0.000 ns 
Path Slack       : 1.913 ns  (Passed)


Source Clock Path
Name                                      Cell/Site Name     Delay Name       Incr   Arrival/Required Time  Fanout  
----------------------------------------  -----------------  ---------------  -----  ---------------------  ------  
hf_osc.osc_inst/CLKHF                     HFOSC_HFOSC_R1C32  CLOCK LATENCY    0.000                  0.000  16      
int_osc                                                      NET DELAY        3.084                  3.084  16      
{counter_20__i15/CK   counter_20__i16/CK}
                                                             CLOCK PIN        0.000                  3.084  1       


Data Path
Name                                      Cell/Site Name     Delay Name       Incr   Arrival/Required Time  Fanout  
----------------------------------------  -----------------  ---------------  -----  ---------------------  ------  
counter_20__i16/CK->counter_20__i16/Q     SLICE_R11C7A       CLK_TO_Q1_DELAY  0.779                  3.863  2       
counter[16]                                                  NET DELAY        0.882                  4.745  2       
counter_20_add_4_17/C1->counter_20_add_4_17/S1
                                          SLICE_R11C7A       C1_TO_F1_DELAY   0.252                  4.997  1       
n105[16]                                                     NET DELAY        0.000                  4.997  1       
counter_20__i16/D                                            ENDPOINT         0.000                  4.997  1       


Destination Clock Path
Name                                      Cell/Site Name     Delay Name       Incr   Arrival/Required Time  Fanout  
----------------------------------------  -----------------  ---------------  -----  ---------------------  ------  
                                                             CONSTRAINT       0.000                  0.000  1       
hf_osc.osc_inst/CLKHF                     HFOSC_HFOSC_R1C32  CLOCK LATENCY    0.000                  0.000  16      
int_osc                                                      NET DELAY        3.084                  3.084  16      
{counter_20__i15/CK   counter_20__i16/CK}
                                                             CLOCK PIN        0.000                  3.084  1       
                                                             Uncertainty      0.000                  3.084  
                                                             Hold time        0.000                  3.084  
----------------------------------------  -----------------  ---------------  -----  ---------------------  ------  
Required Time                                                                                       -3.084  
Arrival Time                                                                                         4.997  
----------------------------------------  -----------------  ---------------  -----  ---------------------  ------  
Path Slack  (Passed)                                                                                 1.913  



+++++++++++++++++++++++++++++++++++++++++++++++++++++++++++++++++++++ 
                    End of Detailed Report for timing paths 
+++++++++++++++++++++++++++++++++++++++++++++++++++++++++++++++++++++ 


##########################################################



